c:\project\rich\debug\game.pch
c:\project\rich\debug\vc141.pdb
c:\project\rich\debug\vc141.idb
c:\project\rich\debug\stdafx.obj
c:\project\rich\debug\audio.obj
c:\project\rich\debug\gamemap.obj
c:\project\rich\debug\game.obj
c:\project\rich\debug\gamedoc.obj
c:\project\rich\debug\gameview.obj
c:\project\rich\debug\mainfrm.obj
c:\project\rich\debug\role.obj
c:\project\rich\debug\station.obj
c:\project\rich\debug\gamelib.obj
c:\project\rich\debug\mygame.obj
c:\project\rich\debug\dice.obj
c:\project\rich\debug\startmenu.obj
c:\project\richc\debug\game.pch
c:\project\richc\debug\vc141.pdb
c:\project\richc\debug\vc141.idb
c:\project\richc\debug\stdafx.obj
c:\project\richc\debug\audio.obj
c:\project\richc\debug\dice.obj
c:\project\richc\debug\gamemap.obj
c:\project\richc\debug\game.obj
c:\project\richc\debug\gamedoc.obj
c:\project\richc\debug\gameview.obj
c:\project\richc\debug\mainfrm.obj
c:\project\richc\debug\role.obj
c:\project\richc\debug\startmenu.obj
c:\project\richc\debug\station.obj
c:\project\richc\debug\gamelib.obj
c:\project\richc\debug\mygame.obj
c:\project\rich\debug\buyui.obj
c:\project\rich\debug\building.obj
c:\project\rich\debug\house.obj
c:\project\rich\debug\integer.obj
c:\project\rich\debug\store.obj
c:\project\rich\debug\card.obj
c:\project\rich\debug\round.obj
c:\project\rich\debug\othersui.obj
c:\project\rich\debug\lottery.obj
c:\project\richc\debug\game.exe
c:\project\richc\debug\game.ilk
c:\project\richc\debug\game.pdb
c:\project\rich\debug\game.exe
c:\project\rich\debug\game.ilk
c:\project\rich\debug\game.pdb
c:\project\richc\debug\game.res
c:\project\rich\debug\game.res
c:\project\rich\.\debug\game.exe
c:\project\rich\debug\game.tlog\cl.command.1.tlog
c:\project\rich\debug\game.tlog\cl.read.1.tlog
c:\project\rich\debug\game.tlog\cl.write.1.tlog
c:\project\rich\debug\game.tlog\link.command.1.tlog
c:\project\rich\debug\game.tlog\link.read.1.tlog
c:\project\rich\debug\game.tlog\link.write.1.tlog
c:\project\rich\debug\game.tlog\rc.command.1.tlog
c:\project\rich\debug\game.tlog\rc.read.1.tlog
c:\project\rich\debug\game.tlog\rc.write.1.tlog
